# JRE version: OpenJDK Runtime Environment Corretto-11.0.9.12.1 (11.0.9.1+12) (build 11.0.9.1+12-LTS)
# Java VM: OpenJDK 64-Bit Server VM Corretto-11.0.9.12.1 (11.0.9.1+12-LTS, mixed mode, tiered, compressed oops, g1 gc, windows-amd64)
Heap:
 garbage-first heap   total 220160K, used 153988K [0x0000000081000000, 0x0000000100000000)
  region size 1024K, 126 young (129024K), 10 survivors (10240K)
 Metaspace       used 77736K, capacity 80151K, committed 80256K, reserved 1118208K
  class space    used 10103K, capacity 11103K, committed 11136K, reserved 1048576K
GC Heap History (20 events):
Event: 1.186 GC heap after
{Heap after GC invocations=4 (full 0):
 garbage-first heap   total 131072K, used 9908K [0x0000000081000000, 0x0000000100000000)
  region size 1024K, 3 young (3072K), 3 survivors (3072K)
 Metaspace       used 18507K, capacity 19093K, committed 19200K, reserved 1067008K
  class space    used 1975K, capacity 2213K, committed 2304K, reserved 1048576K
}
Event: 1.440 GC heap before
{Heap before GC invocations=4 (full 0):
 garbage-first heap   total 131072K, used 26292K [0x0000000081000000, 0x0000000100000000)
  region size 1024K, 20 young (20480K), 3 survivors (3072K)
 Metaspace       used 20592K, capacity 21203K, committed 21248K, reserved 1069056K
  class space    used 2272K, capacity 2557K, committed 2560K, reserved 1048576K
}
Event: 1.445 GC heap after
{Heap after GC invocations=5 (full 0):
 garbage-first heap   total 157696K, used 10501K [0x0000000081000000, 0x0000000100000000)
  region size 1024K, 4 young (4096K), 4 survivors (4096K)
 Metaspace       used 20592K, capacity 21203K, committed 21248K, reserved 1069056K
  class space    used 2272K, capacity 2557K, committed 2560K, reserved 1048576K
}
Event: 2.009 GC heap before
{Heap before GC invocations=6 (full 0):
 garbage-first heap   total 157696K, used 63749K [0x0000000081000000, 0x0000000100000000)
  region size 1024K, 56 young (57344K), 4 survivors (4096K)
 Metaspace       used 28822K, capacity 29658K, committed 29824K, reserved 1075200K
  class space    used 3339K, capacity 3679K, committed 3712K, reserved 1048576K
}
Event: 2.033 GC heap after
{Heap after GC invocations=7 (full 0):
 garbage-first heap   total 157696K, used 12708K [0x0000000081000000, 0x0000000100000000)
  region size 1024K, 6 young (6144K), 6 survivors (6144K)
 Metaspace       used 28822K, capacity 29658K, committed 29824K, reserved 1075200K
  class space    used 3339K, capacity 3679K, committed 3712K, reserved 1048576K
}
Event: 2.479 GC heap before
{Heap before GC invocations=7 (full 0):
 garbage-first heap   total 157696K, used 88484K [0x0000000081000000, 0x0000000100000000)
  region size 1024K, 81 young (82944K), 6 survivors (6144K)
 Metaspace       used 31238K, capacity 32279K, committed 32512K, reserved 1077248K
  class space    used 3603K, capacity 4023K, committed 4096K, reserved 1048576K
}
Event: 2.487 GC heap after
{Heap after GC invocations=8 (full 0):
 garbage-first heap   total 157696K, used 15131K [0x0000000081000000, 0x0000000100000000)
  region size 1024K, 8 young (8192K), 8 survivors (8192K)
 Metaspace       used 31238K, capacity 32279K, committed 32512K, reserved 1077248K
  class space    used 3603K, capacity 4023K, committed 4096K, reserved 1048576K
}
Event: 3.126 GC heap before
{Heap before GC invocations=8 (full 0):
 garbage-first heap   total 157696K, used 72475K [0x0000000081000000, 0x0000000100000000)
  region size 1024K, 65 young (66560K), 8 survivors (8192K)
 Metaspace       used 34716K, capacity 35808K, committed 35840K, reserved 1081344K
  class space    used 4103K, capacity 4578K, committed 4608K, reserved 1048576K
}
Event: 3.140 GC heap after
{Heap after GC invocations=9 (full 0):
 garbage-first heap   total 157696K, used 16221K [0x0000000081000000, 0x0000000100000000)
  region size 1024K, 8 young (8192K), 8 survivors (8192K)
 Metaspace       used 34716K, capacity 35808K, committed 35840K, reserved 1081344K
  class space    used 4103K, capacity 4578K, committed 4608K, reserved 1048576K
}
Event: 4.459 GC heap before
{Heap before GC invocations=10 (full 0):
 garbage-first heap   total 157696K, used 102237K [0x0000000081000000, 0x0000000100000000)
  region size 1024K, 92 young (94208K), 8 survivors (8192K)
 Metaspace       used 43792K, capacity 45074K, committed 45184K, reserved 1089536K
  class space    used 5422K, capacity 5961K, committed 6016K, reserved 1048576K
}
Event: 4.474 GC heap after
{Heap after GC invocations=11 (full 0):
 garbage-first heap   total 220160K, used 19802K [0x0000000081000000, 0x0000000100000000)
  region size 1024K, 10 young (10240K), 10 survivors (10240K)
 Metaspace       used 43792K, capacity 45074K, committed 45184K, reserved 1089536K
  class space    used 5422K, capacity 5961K, committed 6016K, reserved 1048576K
}
Event: 5.746 GC heap before
{Heap before GC invocations=11 (full 0):
 garbage-first heap   total 220160K, used 98650K [0x0000000081000000, 0x0000000100000000)
  region size 1024K, 88 young (90112K), 10 survivors (10240K)
 Metaspace       used 58751K, capacity 60090K, committed 60160K, reserved 1101824K
  class space    used 7461K, capacity 8002K, committed 8064K, reserved 1048576K
}
Event: 5.763 GC heap after
{Heap after GC invocations=12 (full 0):
 garbage-first heap   total 220160K, used 23288K [0x0000000081000000, 0x0000000100000000)
  region size 1024K, 11 young (11264K), 11 survivors (11264K)
 Metaspace       used 58751K, capacity 60090K, committed 60160K, reserved 1101824K
  class space    used 7461K, capacity 8002K, committed 8064K, reserved 1048576K
}
Event: 7.076 GC heap before
{Heap before GC invocations=13 (full 0):
 garbage-first heap   total 220160K, used 144120K [0x0000000081000000, 0x0000000100000000)
  region size 1024K, 129 young (132096K), 11 survivors (11264K)
 Metaspace       used 65201K, capacity 66830K, committed 66944K, reserved 1107968K
  class space    used 8309K, capacity 8987K, committed 9088K, reserved 1048576K
}
Event: 7.090 GC heap after
{Heap after GC invocations=14 (full 0):
 garbage-first heap   total 220160K, used 29572K [0x0000000081000000, 0x0000000100000000)
  region size 1024K, 14 young (14336K), 14 survivors (14336K)
 Metaspace       used 65201K, capacity 66830K, committed 66944K, reserved 1107968K
  class space    used 8309K, capacity 8987K, committed 9088K, reserved 1048576K
}
Event: 8.227 GC heap before
{Heap before GC invocations=14 (full 0):
 garbage-first heap   total 220160K, used 147332K [0x0000000081000000, 0x0000000100000000)
  region size 1024K, 129 young (132096K), 14 survivors (14336K)
 Metaspace       used 70902K, capacity 73163K, committed 73344K, reserved 1112064K
  class space    used 9168K, capacity 10096K, committed 10112K, reserved 1048576K
}
Event: 8.240 GC heap after
{Heap after GC invocations=15 (full 0):
 garbage-first heap   total 220160K, used 30596K [0x0000000081000000, 0x0000000100000000)
  region size 1024K, 9 young (9216K), 9 survivors (9216K)
 Metaspace       used 70902K, capacity 73163K, committed 73344K, reserved 1112064K
  class space    used 9168K, capacity 10096K, committed 10112K, reserved 1048576K
}
Event: 9.926 GC heap before
{Heap before GC invocations=15 (full 0):
 garbage-first heap   total 220160K, used 153476K [0x0000000081000000, 0x0000000100000000)
  region size 1024K, 129 young (132096K), 9 survivors (9216K)
 Metaspace       used 77417K, capacity 79897K, committed 80000K, reserved 1118208K
  class space    used 10088K, capacity 11090K, committed 11136K, reserved 1048576K
}
Event: 9.938 GC heap after
{Heap after GC invocations=16 (full 0):
 garbage-first heap   total 220160K, used 35204K [0x0000000081000000, 0x0000000100000000)
  region size 1024K, 13 young (13312K), 13 survivors (13312K)
 Metaspace       used 77417K, capacity 79897K, committed 80000K, reserved 1118208K
  class space    used 10088K, capacity 11090K, committed 11136K, reserved 1048576K
}
Event: 10.720 GC heap before
{Heap before GC invocations=16 (full 0):
 garbage-first heap   total 220160K, used 153988K [0x0000000081000000, 0x0000000100000000)
  region size 1024K, 129 young (132096K), 13 survivors (13312K)
 Metaspace       used 77736K, capacity 80151K, committed 80256K, reserved 1118208K
  class space    used 10103K, capacity 11103K, committed 11136K, reserved 1048576K
}

